/*C2*/SET SCHEMA PUBLIC
DISCONNECT
/*C3*/SET SCHEMA PUBLIC
DISCONNECT
/*C4*/SET SCHEMA PUBLIC
DISCONNECT
/*C5*/SET SCHEMA PUBLIC
DISCONNECT
/*C6*/SET SCHEMA PUBLIC
DISCONNECT
/*C7*/SET SCHEMA PUBLIC
DISCONNECT
/*C8*/SET SCHEMA PUBLIC
DISCONNECT
/*C9*/SET SCHEMA PUBLIC
DISCONNECT
/*C10*/SET SCHEMA PUBLIC
DISCONNECT
/*C11*/SET SCHEMA PUBLIC
DISCONNECT
/*C12*/SET SCHEMA PUBLIC
DISCONNECT
/*C13*/SET SCHEMA PUBLIC
DISCONNECT
/*C14*/SET SCHEMA PUBLIC
INSERT INTO ORDER VALUES(26,'2013-11-27 00:53:02.056000',5980.0E0)
INSERT INTO ORDERS_TO_SOLDITEMS VALUES(26,21)
COMMIT
DISCONNECT
/*C15*/SET SCHEMA PUBLIC
INSERT INTO ORDER VALUES(27,'2013-11-27 00:57:50.368000',5980.0E0)
INSERT INTO ORDERS_TO_SOLDITEMS VALUES(27,21)
COMMIT
DISCONNECT
/*C16*/SET SCHEMA PUBLIC
INSERT INTO ORDER VALUES(28,'2013-11-27 00:58:39.012000',5980.0E0)
INSERT INTO ORDERS_TO_SOLDITEMS VALUES(28,21)
COMMIT
DISCONNECT
/*C17*/SET SCHEMA PUBLIC
INSERT INTO ORDER VALUES(29,'2013-11-27 01:00:15.420000',5980.0E0)
INSERT INTO ORDERS_TO_SOLDITEMS VALUES(29,21)
COMMIT
DISCONNECT
/*C18*/SET SCHEMA PUBLIC
INSERT INTO ORDER VALUES(30,'2013-11-27 01:06:07.530000',5980.0E0)
INSERT INTO ORDERS_TO_SOLDITEMS VALUES(30,21)
COMMIT
DISCONNECT
/*C19*/SET SCHEMA PUBLIC
INSERT INTO ORDER VALUES(31,'2013-11-27 01:06:57.545000',5980.0E0)
INSERT INTO ORDERS_TO_SOLDITEMS VALUES(31,21)
COMMIT
DISCONNECT
/*C20*/SET SCHEMA PUBLIC
INSERT INTO ORDER VALUES(32,'2013-11-27 01:08:36.432000',5980.0E0)
INSERT INTO ORDERS_TO_SOLDITEMS VALUES(32,21)
COMMIT
DISCONNECT
